<?xml version="1.0" encoding="UTF-8"?>
<!-- Generated by org.testng.reporters.JUnitReportReporter -->
<testsuite hostname="DESKTOP-PRRP3FV" failures="0" tests="3" name="day24.SignupTests" time="0.020" errors="0" timestamp="2024-07-16T03:05:56 IST" skipped="0">
  <testcase classname="day24.SignupTests" name="signupbyemail" time="0.016"/>
  <system-out/>
  <testcase classname="day24.SignupTests" name="signupbyfacebook" time="0.002"/>
  <system-out/>
  <testcase classname="day24.SignupTests" name="signupbytwitter" time="0.002"/>
  <system-out/>
</testsuite> <!-- day24.SignupTests -->
