<?xml version="1.0" encoding="UTF-8"?>
<!-- Generated by org.testng.reporters.JUnitReportReporter -->
<testsuite hostname="DESKTOP-PRRP3FV" failures="0" tests="3" name="day22.TestNg_Introduction" time="0.016" errors="0" timestamp="2024-07-13T19:14:06 IST" skipped="0">
  <testcase classname="day22.TestNg_Introduction" name="openApp" time="0.011"/>
  <system-out/>
  <testcase classname="day22.TestNg_Introduction" name="Login" time="0.003"/>
  <system-out/>
  <testcase classname="day22.TestNg_Introduction" name="Logout" time="0.002"/>
  <system-out/>
</testsuite> <!-- day22.TestNg_Introduction -->
