<?xml version="1.0" encoding="UTF-8"?>
<!-- Generated by org.testng.reporters.JUnitReportReporter -->
<testsuite hostname="DESKTOP-PRRP3FV" failures="0" tests="3" name="day24.LoginTests" time="0.004" errors="0" timestamp="2024-07-16T03:02:36 IST" skipped="0">
  <testcase classname="day24.LoginTests" name="loginByEmail" time="0.001"/>
  <system-out/>
  <testcase classname="day24.LoginTests" name="loginByFacebook" time="0.001"/>
  <system-out/>
  <testcase classname="day24.LoginTests" name="loginBytwitter" time="0.002"/>
  <system-out/>
</testsuite> <!-- day24.LoginTests -->
