<?xml version="1.0" encoding="UTF-8"?>
<!-- Generated by org.testng.reporters.JUnitReportReporter -->
<testsuite hostname="DESKTOP-PRRP3FV" failures="0" tests="2" name="day24.PaymentTests" time="0.004" errors="0" timestamp="2024-07-16T03:02:36 IST" skipped="0">
  <testcase classname="day24.PaymentTests" name="paymentinRupees" time="0.001"/>
  <system-out/>
  <testcase classname="day24.PaymentTests" name="paymentinDollars" time="0.003"/>
  <system-out/>
</testsuite> <!-- day24.PaymentTests -->
