<?xml version="1.0" encoding="UTF-8"?>
<!-- Generated by org.testng.reporters.JUnitReportReporter -->
<testsuite hostname="DESKTOP-PRRP3FV" failures="0" tests="1" name="Practice.checkButtonIsClickeble" time="6.582" errors="0" timestamp="2024-08-22T19:11:43 IST" skipped="0">
  <testcase classname="Practice.checkButtonIsClickeble" name="buttoncheck" time="6.582"/>
  <system-out/>
</testsuite> <!-- Practice.checkButtonIsClickeble -->
